INT 0
INT 0u
INT 0U
INT 123456789
INT 123456789u
INT 123456789U
INT 01234567
INT 01234567u
INT 01234567U
INT 0x0123456789ABCDEF
INT 0X0123456789abcdef
INT 0X0123456789abcdefU
INT 0X0123456789abcdefu
FLOAT 0.0
FLOAT .0
FLOAT 0.
FLOAT 0123456789.0123456789
FLOAT .0123456789
FLOAT 0123456789.
FLOAT 12e45
FLOAT 12e-45
FLOAT 12e+45
FLOAT 12E45
FLOAT 12E-45
FLOAT 12E+45
FLOAT 0123456789e0123456789
FLOAT 12.34E56
FLOAT .34E56
FLOAT 12.E56
FLOAT 0.0f
FLOAT 0.0lf
FLOAT 0.0F
FLOAT 0.0LF
FLOAT 12e+45lf
INT 0
IDENTIFIER x
INT 0
IDENTIFIER X
ERROR(44): Unrecognized symbol "."
INT 5
IDENTIFIER f
INT 5
IDENTIFIER lf
IDENTIFIER A
IDENTIFIER B
IDENTIFIER C
IDENTIFIER D
IDENTIFIER E
IDENTIFIER F
IDENTIFIER G
IDENTIFIER H
ERROR(74): Unrecognized symbol "#"
ERROR(74): Unrecognized symbol "#"
ERROR(74): Unrecognized symbol "#"
